<?xml version="1.0" encoding="UTF-8"?>
<!-- Generated by org.testng.reporters.JUnitReportReporter -->
<testsuite hostname="LAPTOP-MQIQG94F" failures="0" tests="1" name="TC_InVue.TC_Login_001" time="2.878" errors="0" timestamp="2021-09-23T19:15:41 IST" skipped="0">
  <testcase classname="TC_InVue.TC_Login_001" name="loginTest" time="2.878"/>
  <system-out/>
</testsuite> <!-- TC_InVue.TC_Login_001 -->
